==4584== Memcheck, a memory error detector
==4584== Copyright (C) 2002-2012, and GNU GPL'd, by Julian Seward et al.
==4584== Using Valgrind-3.8.1 and LibVEX; rerun with -h for copyright info
==4584== Command: ./a.out input.txt
==4584== Parent PID: 4332
==4584== 
--4584-- 
--4584-- Valgrind options:
--4584--    --tool=memcheck
--4584--    --leak-check=full
--4584--    --verbose
--4584--    --log-file=memcheck.log
--4584-- Contents of /proc/version:
--4584--   Linux version 2.6.32-504.16.2.el6.x86_64 (mockbuild@x86-028.build.eng.bos.redhat.com) (gcc version 4.4.7 20120313 (Red Hat 4.4.7-9) (GCC) ) #1 SMP Tue Mar 10 17:01:00 EDT 2015
--4584-- Arch and hwcaps: AMD64, amd64-sse3-cx16-avx
--4584-- Page sizes: currently 4096, max supported 4096
--4584-- Valgrind library directory: /usr/lib64/valgrind
--4584-- Reading syms from /home/shay/b/mbaio/ECE368/Projects/ECE368_P3/ECE368_P3/a.out
--4584-- Reading syms from /usr/lib64/valgrind/memcheck-amd64-linux
--4584--    object doesn't have a dynamic symbol table
--4584-- Reading syms from /lib64/ld-2.12.so
--4584-- Scheduler: using generic scheduler lock implementation.
--4584-- Reading suppressions file: /usr/lib64/valgrind/default.supp
==4584== embedded gdbserver: reading from /tmp/vgdb-pipe-from-vgdb-to-4584-by-mbaio-on-ee207lnx10.ecn.purdue.edu
==4584== embedded gdbserver: writing to   /tmp/vgdb-pipe-to-vgdb-from-4584-by-mbaio-on-ee207lnx10.ecn.purdue.edu
==4584== embedded gdbserver: shared mem   /tmp/vgdb-pipe-shared-mem-vgdb-4584-by-mbaio-on-ee207lnx10.ecn.purdue.edu
==4584== 
==4584== TO CONTROL THIS PROCESS USING vgdb (which you probably
==4584== don't want to do, unless you know exactly what you're doing,
==4584== or are doing some strange experiment):
==4584==   /usr/lib64/valgrind/../../bin/vgdb --pid=4584 ...command...
==4584== 
==4584== TO DEBUG THIS PROCESS USING GDB: start GDB like this
==4584==   /path/to/gdb ./a.out
==4584== and then give GDB the following command
==4584==   target remote | /usr/lib64/valgrind/../../bin/vgdb --pid=4584
==4584== --pid is optional if only one valgrind process is running
==4584== 
--4584-- REDIR: 0x3bf84176d0 (strlen) redirected to 0x38049551 (vgPlain_amd64_linux_REDIR_FOR_strlen)
--4584-- Reading syms from /usr/lib64/valgrind/vgpreload_core-amd64-linux.so
--4584-- Reading syms from /usr/lib64/valgrind/vgpreload_memcheck-amd64-linux.so
--4584-- REDIR: 0x3bf84174e0 (index) redirected to 0x4a07c30 (index)
--4584-- REDIR: 0x3bf8417560 (strcmp) redirected to 0x4a08570 (strcmp)
--4584-- Reading syms from /lib64/libm-2.12.so
--4584-- Reading syms from /lib64/libc-2.12.so
--4584-- REDIR: 0x3bf8884cd0 (strcasecmp) redirected to 0x480155c (_vgnU_ifunc_wrapper)
--4584-- REDIR: 0x3bf8886f90 (strncasecmp) redirected to 0x480155c (_vgnU_ifunc_wrapper)
--4584-- REDIR: 0x3bf8882c40 (__GI_strrchr) redirected to 0x4a07ab0 (__GI_strrchr)
--4584-- REDIR: 0x3bf887a640 (malloc) redirected to 0x4a069ac (malloc)
--4584-- REDIR: 0x3bf8883350 (memchr) redirected to 0x4a08610 (memchr)
--4584-- REDIR: 0x3bf8889670 (memcpy) redirected to 0x4a08b60 (memcpy)
--4584-- REDIR: 0x3bf887f630 (index) redirected to 0x480155c (_vgnU_ifunc_wrapper)
--4584-- REDIR: 0x3bf89281f0 (__strchr_sse42) redirected to 0x4a07b40 (index)
--4584-- REDIR: 0x3bf8881160 (__GI_strlen) redirected to 0x4a07fb0 (__GI_strlen)
--4584-- REDIR: 0x3bf887b520 (free) redirected to 0x4a063a9 (free)
--4584-- REDIR: 0x3bf888aaf0 (strchrnul) redirected to 0x4a09fb0 (strchrnul)
--4584-- REDIR: 0x3bf8884500 (mempcpy) redirected to 0x4a0a020 (mempcpy)
--4584-- REDIR: 0x3bf88839a0 (memset) redirected to 0x480155c (_vgnU_ifunc_wrapper)
--4584-- REDIR: 0x3bf88839e0 (__GI_memset) redirected to 0x4a09a50 (memset)
==4584== 
==4584== HEAP SUMMARY:
==4584==     in use at exit: 2,034 bytes in 20 blocks
==4584==   total heap usage: 87 allocs, 67 frees, 3,219 bytes allocated
==4584== 
==4584== Searching for pointers to 20 not-freed blocks
==4584== Checked 68,632 bytes
==4584== 
==4584== 24 bytes in 1 blocks are definitely lost in loss record 1 of 10
==4584==    at 0x4A06A2E: malloc (vg_replace_malloc.c:270)
==4584==    by 0x401457: display_queries (in /home/shay/b/mbaio/ECE368/Projects/ECE368_P3/ECE368_P3/a.out)
==4584==    by 0x401174: main (in /home/shay/b/mbaio/ECE368/Projects/ECE368_P3/ECE368_P3/a.out)
==4584== 
==4584== 24 bytes in 1 blocks are definitely lost in loss record 2 of 10
==4584==    at 0x4A06A2E: malloc (vg_replace_malloc.c:270)
==4584==    by 0x40160B: display_queries (in /home/shay/b/mbaio/ECE368/Projects/ECE368_P3/ECE368_P3/a.out)
==4584==    by 0x401174: main (in /home/shay/b/mbaio/ECE368/Projects/ECE368_P3/ECE368_P3/a.out)
==4584== 
==4584== 24 bytes in 1 blocks are definitely lost in loss record 3 of 10
==4584==    at 0x4A06A2E: malloc (vg_replace_malloc.c:270)
==4584==    by 0x401457: display_queries (in /home/shay/b/mbaio/ECE368/Projects/ECE368_P3/ECE368_P3/a.out)
==4584==    by 0x4011A1: main (in /home/shay/b/mbaio/ECE368/Projects/ECE368_P3/ECE368_P3/a.out)
==4584== 
==4584== 24 bytes in 1 blocks are definitely lost in loss record 4 of 10
==4584==    at 0x4A06A2E: malloc (vg_replace_malloc.c:270)
==4584==    by 0x40160B: display_queries (in /home/shay/b/mbaio/ECE368/Projects/ECE368_P3/ECE368_P3/a.out)
==4584==    by 0x4011A1: main (in /home/shay/b/mbaio/ECE368/Projects/ECE368_P3/ECE368_P3/a.out)
==4584== 
==4584== 216 bytes in 1 blocks are definitely lost in loss record 5 of 10
==4584==    at 0x4A06A2E: malloc (vg_replace_malloc.c:270)
==4584==    by 0x400A88: main (in /home/shay/b/mbaio/ECE368/Projects/ECE368_P3/ECE368_P3/a.out)
==4584== 
==4584== 336 (48 direct, 288 indirect) bytes in 1 blocks are definitely lost in loss record 8 of 10
==4584==    at 0x4A06A2E: malloc (vg_replace_malloc.c:270)
==4584==    by 0x400A9D: main (in /home/shay/b/mbaio/ECE368/Projects/ECE368_P3/ECE368_P3/a.out)
==4584== 
==4584== 336 (48 direct, 288 indirect) bytes in 1 blocks are definitely lost in loss record 9 of 10
==4584==    at 0x4A06A2E: malloc (vg_replace_malloc.c:270)
==4584==    by 0x400AB2: main (in /home/shay/b/mbaio/ECE368/Projects/ECE368_P3/ECE368_P3/a.out)
==4584== 
==4584== 1,050 bytes in 1 blocks are definitely lost in loss record 10 of 10
==4584==    at 0x4A06A2E: malloc (vg_replace_malloc.c:270)
==4584==    by 0x40091F: main (in /home/shay/b/mbaio/ECE368/Projects/ECE368_P3/ECE368_P3/a.out)
==4584== 
==4584== LEAK SUMMARY:
==4584==    definitely lost: 1,458 bytes in 8 blocks
==4584==    indirectly lost: 576 bytes in 12 blocks
==4584==      possibly lost: 0 bytes in 0 blocks
==4584==    still reachable: 0 bytes in 0 blocks
==4584==         suppressed: 0 bytes in 0 blocks
==4584== 
==4584== ERROR SUMMARY: 8 errors from 8 contexts (suppressed: 6 from 6)
--4584-- 
--4584-- used_suppression:      4 U1004-ARM-_dl_relocate_object
--4584-- used_suppression:      2 glibc-2.5.x-on-SUSE-10.2-(PPC)-2a
==4584== 
==4584== ERROR SUMMARY: 8 errors from 8 contexts (suppressed: 6 from 6)
